  [1m[36mSQL (0.3ms)[0m  [1m SELECT name
 FROM sqlite_master
 WHERE type = 'table' AND NOT name = 'sqlite_sequence'
[0m
  [1m[35mSQL (0.1ms)[0m   SELECT name
 FROM sqlite_master
 WHERE type = 'table' AND NOT name = 'sqlite_sequence'
  [1m[36mSQL (0.2ms)[0m  [1mSELECT "schema_migrations"."version" FROM "schema_migrations"[0m
  [1m[35mSQL (0.2ms)[0m  select sqlite_version(*)
  [1m[36mSQL (0.1ms)[0m  [1m SELECT name
 FROM sqlite_master
 WHERE type = 'table' AND NOT name = 'sqlite_sequence'
[0m
  [1m[35mSQL (11.6ms)[0m  CREATE TABLE "blogs" ("id" INTEGER PRIMARY KEY AUTOINCREMENT NOT NULL, "name" varchar(255), "slug" varchar(255), "domain" varchar(255), "description" text, "created_at" datetime, "updated_at" datetime, "subdomain" varchar(255)) 
  [1m[36mSQL (0.1ms)[0m  [1m SELECT name
 FROM sqlite_master
 WHERE type = 'table' AND NOT name = 'sqlite_sequence'
[0m
  [1m[35mSQL (1.1ms)[0m  CREATE TABLE "blogs_users" ("blog_id" integer, "user_id" integer) 
  [1m[36mSQL (0.0ms)[0m  [1mPRAGMA index_list("blogs_users")[0m
  [1m[35mSQL (1.2ms)[0m  CREATE INDEX "index_blogs_users_on_blog_id" ON "blogs_users" ("blog_id")
  [1m[36mSQL (0.1ms)[0m  [1m SELECT name
 FROM sqlite_master
 WHERE type = 'table' AND NOT name = 'sqlite_sequence'
[0m
  [1m[35mSQL (0.9ms)[0m  CREATE TABLE "post_images" ("id" INTEGER PRIMARY KEY AUTOINCREMENT NOT NULL, "caption" varchar(255), "post_id" integer, "created_at" datetime, "updated_at" datetime, "photo_file_name" varchar(255), "photo_content_type" varchar(255), "photo_file_size" integer, "photo_updated_at" datetime) 
  [1m[36mSQL (0.1ms)[0m  [1m SELECT name
 FROM sqlite_master
 WHERE type = 'table' AND NOT name = 'sqlite_sequence'
[0m
  [1m[35mSQL (1.2ms)[0m  CREATE TABLE "posts" ("id" INTEGER PRIMARY KEY AUTOINCREMENT NOT NULL, "title" varchar(255), "story" text, "publish_on" date, "created_at" datetime, "updated_at" datetime, "created_by_id" integer, "updated_by_id" integer, "blog_id" integer) 
  [1m[36mSQL (0.1ms)[0m  [1m SELECT name
 FROM sqlite_master
 WHERE type = 'table' AND NOT name = 'sqlite_sequence'
[0m
  [1m[35mSQL (1.0ms)[0m  CREATE TABLE "taggings" ("id" INTEGER PRIMARY KEY AUTOINCREMENT NOT NULL, "tag_id" integer, "taggable_id" integer, "taggable_type" varchar(255), "tagger_id" integer, "tagger_type" varchar(255), "context" varchar(255), "created_at" datetime) 
  [1m[36mSQL (0.0ms)[0m  [1mPRAGMA index_list("taggings")[0m
  [1m[35mSQL (1.8ms)[0m  CREATE INDEX "index_taggings_on_tag_id" ON "taggings" ("tag_id")
  [1m[36mSQL (0.1ms)[0m  [1mPRAGMA index_list("taggings")[0m
  [1m[35mSQL (0.1ms)[0m  PRAGMA index_info('index_taggings_on_tag_id')
  [1m[36mSQL (1.3ms)[0m  [1mCREATE INDEX "index_taggings_on_taggable_id_and_taggable_type_and_context" ON "taggings" ("taggable_id", "taggable_type", "context")[0m
  [1m[35mSQL (0.1ms)[0m   SELECT name
 FROM sqlite_master
 WHERE type = 'table' AND NOT name = 'sqlite_sequence'
  [1m[36mSQL (1.3ms)[0m  [1mCREATE TABLE "tags" ("id" INTEGER PRIMARY KEY AUTOINCREMENT NOT NULL, "name" varchar(255)) [0m
  [1m[35mSQL (0.2ms)[0m   SELECT name
 FROM sqlite_master
 WHERE type = 'table' AND NOT name = 'sqlite_sequence'
  [1m[36mSQL (2.1ms)[0m  [1mCREATE TABLE "users" ("id" INTEGER PRIMARY KEY AUTOINCREMENT NOT NULL, "email" varchar(255) DEFAULT '' NOT NULL, "encrypted_password" varchar(128) DEFAULT '' NOT NULL, "reset_password_token" varchar(255), "remember_token" varchar(255), "remember_created_at" datetime, "sign_in_count" integer DEFAULT 0, "current_sign_in_at" datetime, "last_sign_in_at" datetime, "current_sign_in_ip" varchar(255), "last_sign_in_ip" varchar(255), "created_at" datetime, "updated_at" datetime, "display_name" varchar(255), "family_name" varchar(255), "given_name" varchar(255), "role" varchar(255), "publish_on" datetime) [0m
  [1m[35mSQL (0.0ms)[0m  PRAGMA index_list("users")
  [1m[36mSQL (1.2ms)[0m  [1mCREATE UNIQUE INDEX "index_users_on_email" ON "users" ("email")[0m
  [1m[35mSQL (0.1ms)[0m  PRAGMA index_list("users")
  [1m[36mSQL (0.0ms)[0m  [1mPRAGMA index_info('index_users_on_email')[0m
  [1m[35mSQL (1.4ms)[0m  CREATE UNIQUE INDEX "index_users_on_reset_password_token" ON "users" ("reset_password_token")
  [1m[36mSQL (0.2ms)[0m  [1m SELECT name
 FROM sqlite_master
 WHERE type = 'table' AND NOT name = 'sqlite_sequence'
[0m
  [1m[35mSQL (1.3ms)[0m  CREATE TABLE "schema_migrations" ("version" varchar(255) NOT NULL) 
  [1m[36mSQL (0.0ms)[0m  [1mPRAGMA index_list("schema_migrations")[0m
  [1m[35mSQL (1.3ms)[0m  CREATE UNIQUE INDEX "unique_schema_migrations" ON "schema_migrations" ("version")
  [1m[36mSQL (0.2ms)[0m  [1m SELECT name
 FROM sqlite_master
 WHERE type = 'table' AND NOT name = 'sqlite_sequence'
[0m
  [1m[35mSQL (0.1ms)[0m  SELECT version FROM "schema_migrations"
  [1m[36mSQL (1.2ms)[0m  [1mINSERT INTO "schema_migrations" (version) VALUES ('20110406232858')[0m
  [1m[35mSQL (1.0ms)[0m  INSERT INTO "schema_migrations" (version) VALUES ('20110216051600')
  [1m[36mSQL (1.0ms)[0m  [1mINSERT INTO "schema_migrations" (version) VALUES ('20110219175458')[0m
  [1m[35mSQL (1.1ms)[0m  INSERT INTO "schema_migrations" (version) VALUES ('20110219175527')
  [1m[36mSQL (1.1ms)[0m  [1mINSERT INTO "schema_migrations" (version) VALUES ('20110219180607')[0m
  [1m[35mSQL (1.0ms)[0m  INSERT INTO "schema_migrations" (version) VALUES ('20110219190954')
  [1m[36mSQL (2.2ms)[0m  [1mINSERT INTO "schema_migrations" (version) VALUES ('20110221182109')[0m
  [1m[35mSQL (1.6ms)[0m  INSERT INTO "schema_migrations" (version) VALUES ('20110221183036')
  [1m[36mSQL (0.9ms)[0m  [1mINSERT INTO "schema_migrations" (version) VALUES ('20110222230012')[0m
  [1m[35mSQL (1.2ms)[0m  INSERT INTO "schema_migrations" (version) VALUES ('20110223060425')
  [1m[36mSQL (1.0ms)[0m  [1mINSERT INTO "schema_migrations" (version) VALUES ('20110225072946')[0m
  [1m[35mSQL (1.0ms)[0m  INSERT INTO "schema_migrations" (version) VALUES ('20110306221221')
  [1m[36mSQL (1.0ms)[0m  [1mINSERT INTO "schema_migrations" (version) VALUES ('20110306221248')[0m
  [1m[35mSQL (1.0ms)[0m  INSERT INTO "schema_migrations" (version) VALUES ('20110307005653')
  [1m[36mSQL (2.0ms)[0m  [1mINSERT INTO "schema_migrations" (version) VALUES ('20110310063315')[0m
  [1m[36mSQL (0.3ms)[0m  [1m SELECT name
 FROM sqlite_master
 WHERE type = 'table' AND NOT name = 'sqlite_sequence'
[0m
  [1m[35mSQL (0.1ms)[0m   SELECT name
 FROM sqlite_master
 WHERE type = 'table' AND NOT name = 'sqlite_sequence'
  [1m[36mSQL (0.2ms)[0m  [1mSELECT "schema_migrations"."version" FROM "schema_migrations"[0m
  [1m[35mSQL (0.2ms)[0m  select sqlite_version(*)
  [1m[36mSQL (0.1ms)[0m  [1m SELECT name
 FROM sqlite_master
 WHERE type = 'table' AND NOT name = 'sqlite_sequence'
[0m
  [1m[35mSQL (2.6ms)[0m  CREATE TABLE "blogs" ("id" INTEGER PRIMARY KEY AUTOINCREMENT NOT NULL, "name" varchar(255), "slug" varchar(255), "domain" varchar(255), "description" text, "created_at" datetime, "updated_at" datetime, "subdomain" varchar(255)) 
  [1m[36mSQL (0.1ms)[0m  [1m SELECT name
 FROM sqlite_master
 WHERE type = 'table' AND NOT name = 'sqlite_sequence'
[0m
  [1m[35mSQL (1.0ms)[0m  CREATE TABLE "blogs_users" ("blog_id" integer, "user_id" integer) 
  [1m[36mSQL (0.0ms)[0m  [1mPRAGMA index_list("blogs_users")[0m
  [1m[35mSQL (1.2ms)[0m  CREATE INDEX "index_blogs_users_on_blog_id" ON "blogs_users" ("blog_id")
  [1m[36mSQL (0.1ms)[0m  [1m SELECT name
 FROM sqlite_master
 WHERE type = 'table' AND NOT name = 'sqlite_sequence'
[0m
  [1m[35mSQL (1.0ms)[0m  CREATE TABLE "post_images" ("id" INTEGER PRIMARY KEY AUTOINCREMENT NOT NULL, "caption" varchar(255), "post_id" integer, "created_at" datetime, "updated_at" datetime, "photo_file_name" varchar(255), "photo_content_type" varchar(255), "photo_file_size" integer, "photo_updated_at" datetime) 
  [1m[36mSQL (0.1ms)[0m  [1m SELECT name
 FROM sqlite_master
 WHERE type = 'table' AND NOT name = 'sqlite_sequence'
[0m
  [1m[35mSQL (1.0ms)[0m  CREATE TABLE "posts" ("id" INTEGER PRIMARY KEY AUTOINCREMENT NOT NULL, "title" varchar(255), "story" text, "publish_on" date, "created_at" datetime, "updated_at" datetime, "created_by_id" integer, "updated_by_id" integer, "blog_id" integer) 
  [1m[36mSQL (0.2ms)[0m  [1m SELECT name
 FROM sqlite_master
 WHERE type = 'table' AND NOT name = 'sqlite_sequence'
[0m
  [1m[35mSQL (1.3ms)[0m  CREATE TABLE "taggings" ("id" INTEGER PRIMARY KEY AUTOINCREMENT NOT NULL, "tag_id" integer, "taggable_id" integer, "taggable_type" varchar(255), "tagger_id" integer, "tagger_type" varchar(255), "context" varchar(255), "created_at" datetime) 
  [1m[36mSQL (0.0ms)[0m  [1mPRAGMA index_list("taggings")[0m
  [1m[35mSQL (1.0ms)[0m  CREATE INDEX "index_taggings_on_tag_id" ON "taggings" ("tag_id")
  [1m[36mSQL (0.1ms)[0m  [1mPRAGMA index_list("taggings")[0m
  [1m[35mSQL (0.0ms)[0m  PRAGMA index_info('index_taggings_on_tag_id')
  [1m[36mSQL (1.2ms)[0m  [1mCREATE INDEX "index_taggings_on_taggable_id_and_taggable_type_and_context" ON "taggings" ("taggable_id", "taggable_type", "context")[0m
  [1m[35mSQL (0.1ms)[0m   SELECT name
 FROM sqlite_master
 WHERE type = 'table' AND NOT name = 'sqlite_sequence'
  [1m[36mSQL (1.2ms)[0m  [1mCREATE TABLE "tags" ("id" INTEGER PRIMARY KEY AUTOINCREMENT NOT NULL, "name" varchar(255)) [0m
  [1m[35mSQL (0.2ms)[0m   SELECT name
 FROM sqlite_master
 WHERE type = 'table' AND NOT name = 'sqlite_sequence'
  [1m[36mSQL (1.5ms)[0m  [1mCREATE TABLE "users" ("id" INTEGER PRIMARY KEY AUTOINCREMENT NOT NULL, "email" varchar(255) DEFAULT '' NOT NULL, "encrypted_password" varchar(128) DEFAULT '' NOT NULL, "reset_password_token" varchar(255), "remember_token" varchar(255), "remember_created_at" datetime, "sign_in_count" integer DEFAULT 0, "current_sign_in_at" datetime, "last_sign_in_at" datetime, "current_sign_in_ip" varchar(255), "last_sign_in_ip" varchar(255), "created_at" datetime, "updated_at" datetime, "display_name" varchar(255), "family_name" varchar(255), "given_name" varchar(255), "role" varchar(255), "publish_on" datetime) [0m
  [1m[35mSQL (0.0ms)[0m  PRAGMA index_list("users")
  [1m[36mSQL (1.2ms)[0m  [1mCREATE UNIQUE INDEX "index_users_on_email" ON "users" ("email")[0m
  [1m[35mSQL (0.1ms)[0m  PRAGMA index_list("users")
  [1m[36mSQL (0.0ms)[0m  [1mPRAGMA index_info('index_users_on_email')[0m
  [1m[35mSQL (1.1ms)[0m  CREATE UNIQUE INDEX "index_users_on_reset_password_token" ON "users" ("reset_password_token")
  [1m[36mSQL (0.2ms)[0m  [1m SELECT name
 FROM sqlite_master
 WHERE type = 'table' AND NOT name = 'sqlite_sequence'
[0m
  [1m[35mSQL (1.1ms)[0m  CREATE TABLE "schema_migrations" ("version" varchar(255) NOT NULL) 
  [1m[36mSQL (0.0ms)[0m  [1mPRAGMA index_list("schema_migrations")[0m
  [1m[35mSQL (1.0ms)[0m  CREATE UNIQUE INDEX "unique_schema_migrations" ON "schema_migrations" ("version")
  [1m[36mSQL (0.2ms)[0m  [1m SELECT name
 FROM sqlite_master
 WHERE type = 'table' AND NOT name = 'sqlite_sequence'
[0m
  [1m[35mSQL (0.1ms)[0m  SELECT version FROM "schema_migrations"
  [1m[36mSQL (0.8ms)[0m  [1mINSERT INTO "schema_migrations" (version) VALUES ('20110406232858')[0m
  [1m[35mSQL (0.8ms)[0m  INSERT INTO "schema_migrations" (version) VALUES ('20110216051600')
  [1m[36mSQL (0.9ms)[0m  [1mINSERT INTO "schema_migrations" (version) VALUES ('20110219175458')[0m
  [1m[35mSQL (1.3ms)[0m  INSERT INTO "schema_migrations" (version) VALUES ('20110219175527')
  [1m[36mSQL (1.3ms)[0m  [1mINSERT INTO "schema_migrations" (version) VALUES ('20110219180607')[0m
  [1m[35mSQL (1.1ms)[0m  INSERT INTO "schema_migrations" (version) VALUES ('20110219190954')
  [1m[36mSQL (0.9ms)[0m  [1mINSERT INTO "schema_migrations" (version) VALUES ('20110221182109')[0m
  [1m[35mSQL (1.0ms)[0m  INSERT INTO "schema_migrations" (version) VALUES ('20110221183036')
  [1m[36mSQL (0.9ms)[0m  [1mINSERT INTO "schema_migrations" (version) VALUES ('20110222230012')[0m
  [1m[35mSQL (1.1ms)[0m  INSERT INTO "schema_migrations" (version) VALUES ('20110223060425')
  [1m[36mSQL (0.9ms)[0m  [1mINSERT INTO "schema_migrations" (version) VALUES ('20110225072946')[0m
  [1m[35mSQL (1.0ms)[0m  INSERT INTO "schema_migrations" (version) VALUES ('20110306221221')
  [1m[36mSQL (1.0ms)[0m  [1mINSERT INTO "schema_migrations" (version) VALUES ('20110306221248')[0m
  [1m[35mSQL (1.0ms)[0m  INSERT INTO "schema_migrations" (version) VALUES ('20110307005653')
  [1m[36mSQL (1.2ms)[0m  [1mINSERT INTO "schema_migrations" (version) VALUES ('20110310063315')[0m
DEPRECATION WARNING: config.action_view.debug_rjs will be removed in 3.1, from 3.1 onwards you will need to install prototype-rails to continue to use RJS templates . (called from <top (required)> at /Users/jasontruesdell/code/yuzuten_blogengine/config/environment.rb:5)
  [1m[36mSQL (0.2ms)[0m  [1m SELECT name
 FROM sqlite_master
 WHERE type = 'table' AND NOT name = 'sqlite_sequence'
[0m
  [1m[35mSQL (0.1ms)[0m   SELECT name
 FROM sqlite_master
 WHERE type = 'table' AND NOT name = 'sqlite_sequence'
  [1m[36mSQL (0.2ms)[0m  [1mSELECT "schema_migrations"."version" FROM "schema_migrations"[0m
  [1m[35mSQL (0.2ms)[0m  select sqlite_version(*)
  [1m[36mSQL (0.1ms)[0m  [1m SELECT name
 FROM sqlite_master
 WHERE type = 'table' AND NOT name = 'sqlite_sequence'
[0m
  [1m[35mSQL (2.7ms)[0m  CREATE TABLE "blogs" ("id" INTEGER PRIMARY KEY AUTOINCREMENT NOT NULL, "name" varchar(255), "slug" varchar(255), "domain" varchar(255), "description" text, "created_at" datetime, "updated_at" datetime, "subdomain" varchar(255)) 
  [1m[36mSQL (0.1ms)[0m  [1m SELECT name
 FROM sqlite_master
 WHERE type = 'table' AND NOT name = 'sqlite_sequence'
[0m
  [1m[35mSQL (1.1ms)[0m  CREATE TABLE "blogs_users" ("blog_id" integer, "user_id" integer) 
  [1m[36mSQL (0.0ms)[0m  [1mPRAGMA index_list("blogs_users")[0m
  [1m[35mSQL (0.9ms)[0m  CREATE INDEX "index_blogs_users_on_blog_id" ON "blogs_users" ("blog_id")
  [1m[36mSQL (0.1ms)[0m  [1m SELECT name
 FROM sqlite_master
 WHERE type = 'table' AND NOT name = 'sqlite_sequence'
[0m
  [1m[35mSQL (1.2ms)[0m  CREATE TABLE "post_images" ("id" INTEGER PRIMARY KEY AUTOINCREMENT NOT NULL, "caption" varchar(255), "post_id" integer, "created_at" datetime, "updated_at" datetime, "photo_file_name" varchar(255), "photo_content_type" varchar(255), "photo_file_size" integer, "photo_updated_at" datetime) 
  [1m[36mSQL (0.1ms)[0m  [1m SELECT name
 FROM sqlite_master
 WHERE type = 'table' AND NOT name = 'sqlite_sequence'
[0m
  [1m[35mSQL (1.1ms)[0m  CREATE TABLE "posts" ("id" INTEGER PRIMARY KEY AUTOINCREMENT NOT NULL, "title" varchar(255), "story" text, "publish_on" date, "created_at" datetime, "updated_at" datetime, "created_by_id" integer, "updated_by_id" integer, "blog_id" integer) 
  [1m[36mSQL (0.1ms)[0m  [1m SELECT name
 FROM sqlite_master
 WHERE type = 'table' AND NOT name = 'sqlite_sequence'
[0m
  [1m[35mSQL (1.2ms)[0m  CREATE TABLE "taggings" ("id" INTEGER PRIMARY KEY AUTOINCREMENT NOT NULL, "tag_id" integer, "taggable_id" integer, "taggable_type" varchar(255), "tagger_id" integer, "tagger_type" varchar(255), "context" varchar(255), "created_at" datetime) 
  [1m[36mSQL (0.1ms)[0m  [1mPRAGMA index_list("taggings")[0m
  [1m[35mSQL (1.1ms)[0m  CREATE INDEX "index_taggings_on_tag_id" ON "taggings" ("tag_id")
  [1m[36mSQL (0.1ms)[0m  [1mPRAGMA index_list("taggings")[0m
  [1m[35mSQL (0.1ms)[0m  PRAGMA index_info('index_taggings_on_tag_id')
  [1m[36mSQL (1.5ms)[0m  [1mCREATE INDEX "index_taggings_on_taggable_id_and_taggable_type_and_context" ON "taggings" ("taggable_id", "taggable_type", "context")[0m
  [1m[35mSQL (0.1ms)[0m   SELECT name
 FROM sqlite_master
 WHERE type = 'table' AND NOT name = 'sqlite_sequence'
  [1m[36mSQL (2.2ms)[0m  [1mCREATE TABLE "tags" ("id" INTEGER PRIMARY KEY AUTOINCREMENT NOT NULL, "name" varchar(255)) [0m
  [1m[35mSQL (0.2ms)[0m   SELECT name
 FROM sqlite_master
 WHERE type = 'table' AND NOT name = 'sqlite_sequence'
  [1m[36mSQL (2.3ms)[0m  [1mCREATE TABLE "users" ("id" INTEGER PRIMARY KEY AUTOINCREMENT NOT NULL, "email" varchar(255) DEFAULT '' NOT NULL, "encrypted_password" varchar(128) DEFAULT '' NOT NULL, "reset_password_token" varchar(255), "remember_token" varchar(255), "remember_created_at" datetime, "sign_in_count" integer DEFAULT 0, "current_sign_in_at" datetime, "last_sign_in_at" datetime, "current_sign_in_ip" varchar(255), "last_sign_in_ip" varchar(255), "created_at" datetime, "updated_at" datetime, "display_name" varchar(255), "family_name" varchar(255), "given_name" varchar(255), "role" varchar(255), "publish_on" datetime) [0m
  [1m[35mSQL (0.0ms)[0m  PRAGMA index_list("users")
  [1m[36mSQL (1.9ms)[0m  [1mCREATE UNIQUE INDEX "index_users_on_email" ON "users" ("email")[0m
  [1m[35mSQL (0.1ms)[0m  PRAGMA index_list("users")
  [1m[36mSQL (0.0ms)[0m  [1mPRAGMA index_info('index_users_on_email')[0m
  [1m[35mSQL (1.2ms)[0m  CREATE UNIQUE INDEX "index_users_on_reset_password_token" ON "users" ("reset_password_token")
  [1m[36mSQL (0.1ms)[0m  [1m SELECT name
 FROM sqlite_master
 WHERE type = 'table' AND NOT name = 'sqlite_sequence'
[0m
  [1m[35mSQL (1.2ms)[0m  CREATE TABLE "schema_migrations" ("version" varchar(255) NOT NULL) 
  [1m[36mSQL (0.0ms)[0m  [1mPRAGMA index_list("schema_migrations")[0m
  [1m[35mSQL (1.2ms)[0m  CREATE UNIQUE INDEX "unique_schema_migrations" ON "schema_migrations" ("version")
  [1m[36mSQL (0.2ms)[0m  [1m SELECT name
 FROM sqlite_master
 WHERE type = 'table' AND NOT name = 'sqlite_sequence'
[0m
  [1m[35mSQL (0.1ms)[0m  SELECT version FROM "schema_migrations"
  [1m[36mSQL (1.0ms)[0m  [1mINSERT INTO "schema_migrations" (version) VALUES ('20110406232858')[0m
  [1m[35mSQL (1.2ms)[0m  INSERT INTO "schema_migrations" (version) VALUES ('20110216051600')
  [1m[36mSQL (0.9ms)[0m  [1mINSERT INTO "schema_migrations" (version) VALUES ('20110219175458')[0m
  [1m[35mSQL (1.0ms)[0m  INSERT INTO "schema_migrations" (version) VALUES ('20110219175527')
  [1m[36mSQL (1.8ms)[0m  [1mINSERT INTO "schema_migrations" (version) VALUES ('20110219180607')[0m
  [1m[35mSQL (1.4ms)[0m  INSERT INTO "schema_migrations" (version) VALUES ('20110219190954')
  [1m[36mSQL (0.9ms)[0m  [1mINSERT INTO "schema_migrations" (version) VALUES ('20110221182109')[0m
  [1m[35mSQL (0.9ms)[0m  INSERT INTO "schema_migrations" (version) VALUES ('20110221183036')
  [1m[36mSQL (0.9ms)[0m  [1mINSERT INTO "schema_migrations" (version) VALUES ('20110222230012')[0m
  [1m[35mSQL (0.8ms)[0m  INSERT INTO "schema_migrations" (version) VALUES ('20110223060425')
  [1m[36mSQL (0.8ms)[0m  [1mINSERT INTO "schema_migrations" (version) VALUES ('20110225072946')[0m
  [1m[35mSQL (0.9ms)[0m  INSERT INTO "schema_migrations" (version) VALUES ('20110306221221')
  [1m[36mSQL (0.9ms)[0m  [1mINSERT INTO "schema_migrations" (version) VALUES ('20110306221248')[0m
  [1m[35mSQL (1.0ms)[0m  INSERT INTO "schema_migrations" (version) VALUES ('20110307005653')
  [1m[36mSQL (1.7ms)[0m  [1mINSERT INTO "schema_migrations" (version) VALUES ('20110310063315')[0m
DEPRECATION WARNING: config.action_view.debug_rjs will be removed in 3.1, from 3.1 onwards you will need to install prototype-rails to continue to use RJS templates . (called from <top (required)> at /Users/jasontruesdell/code/yuzuten_blogengine/config/environment.rb:5)
  [1m[36mSQL (0.3ms)[0m  [1m SELECT name
 FROM sqlite_master
 WHERE type = 'table' AND NOT name = 'sqlite_sequence'
[0m
  [1m[35mSQL (0.1ms)[0m   SELECT name
 FROM sqlite_master
 WHERE type = 'table' AND NOT name = 'sqlite_sequence'
  [1m[36mSQL (0.2ms)[0m  [1mSELECT "schema_migrations"."version" FROM "schema_migrations"[0m
  [1m[35mSQL (0.2ms)[0m  select sqlite_version(*)
  [1m[36mSQL (0.1ms)[0m  [1m SELECT name
 FROM sqlite_master
 WHERE type = 'table' AND NOT name = 'sqlite_sequence'
[0m
  [1m[35mSQL (2.4ms)[0m  CREATE TABLE "blogs" ("id" INTEGER PRIMARY KEY AUTOINCREMENT NOT NULL, "name" varchar(255), "slug" varchar(255), "domain" varchar(255), "description" text, "created_at" datetime, "updated_at" datetime, "subdomain" varchar(255)) 
  [1m[36mSQL (0.2ms)[0m  [1m SELECT name
 FROM sqlite_master
 WHERE type = 'table' AND NOT name = 'sqlite_sequence'
[0m
  [1m[35mSQL (1.1ms)[0m  CREATE TABLE "blogs_users" ("blog_id" integer, "user_id" integer) 
  [1m[36mSQL (0.0ms)[0m  [1mPRAGMA index_list("blogs_users")[0m
  [1m[35mSQL (1.0ms)[0m  CREATE INDEX "index_blogs_users_on_blog_id" ON "blogs_users" ("blog_id")
  [1m[36mSQL (0.1ms)[0m  [1m SELECT name
 FROM sqlite_master
 WHERE type = 'table' AND NOT name = 'sqlite_sequence'
[0m
  [1m[35mSQL (1.1ms)[0m  CREATE TABLE "post_images" ("id" INTEGER PRIMARY KEY AUTOINCREMENT NOT NULL, "caption" varchar(255), "post_id" integer, "created_at" datetime, "updated_at" datetime, "photo_file_name" varchar(255), "photo_content_type" varchar(255), "photo_file_size" integer, "photo_updated_at" datetime) 
  [1m[36mSQL (0.1ms)[0m  [1m SELECT name
 FROM sqlite_master
 WHERE type = 'table' AND NOT name = 'sqlite_sequence'
[0m
  [1m[35mSQL (1.0ms)[0m  CREATE TABLE "posts" ("id" INTEGER PRIMARY KEY AUTOINCREMENT NOT NULL, "title" varchar(255), "story" text, "publish_on" date, "created_at" datetime, "updated_at" datetime, "created_by_id" integer, "updated_by_id" integer, "blog_id" integer) 
  [1m[36mSQL (0.2ms)[0m  [1m SELECT name
 FROM sqlite_master
 WHERE type = 'table' AND NOT name = 'sqlite_sequence'
[0m
  [1m[35mSQL (1.3ms)[0m  CREATE TABLE "taggings" ("id" INTEGER PRIMARY KEY AUTOINCREMENT NOT NULL, "tag_id" integer, "taggable_id" integer, "taggable_type" varchar(255), "tagger_id" integer, "tagger_type" varchar(255), "context" varchar(255), "created_at" datetime) 
  [1m[36mSQL (0.0ms)[0m  [1mPRAGMA index_list("taggings")[0m
  [1m[35mSQL (1.2ms)[0m  CREATE INDEX "index_taggings_on_tag_id" ON "taggings" ("tag_id")
  [1m[36mSQL (0.1ms)[0m  [1mPRAGMA index_list("taggings")[0m
  [1m[35mSQL (0.0ms)[0m  PRAGMA index_info('index_taggings_on_tag_id')
  [1m[36mSQL (1.1ms)[0m  [1mCREATE INDEX "index_taggings_on_taggable_id_and_taggable_type_and_context" ON "taggings" ("taggable_id", "taggable_type", "context")[0m
  [1m[35mSQL (0.1ms)[0m   SELECT name
 FROM sqlite_master
 WHERE type = 'table' AND NOT name = 'sqlite_sequence'
  [1m[36mSQL (1.1ms)[0m  [1mCREATE TABLE "tags" ("id" INTEGER PRIMARY KEY AUTOINCREMENT NOT NULL, "name" varchar(255)) [0m
  [1m[35mSQL (0.2ms)[0m   SELECT name
 FROM sqlite_master
 WHERE type = 'table' AND NOT name = 'sqlite_sequence'
  [1m[36mSQL (1.5ms)[0m  [1mCREATE TABLE "users" ("id" INTEGER PRIMARY KEY AUTOINCREMENT NOT NULL, "email" varchar(255) DEFAULT '' NOT NULL, "encrypted_password" varchar(128) DEFAULT '' NOT NULL, "reset_password_token" varchar(255), "remember_token" varchar(255), "remember_created_at" datetime, "sign_in_count" integer DEFAULT 0, "current_sign_in_at" datetime, "last_sign_in_at" datetime, "current_sign_in_ip" varchar(255), "last_sign_in_ip" varchar(255), "created_at" datetime, "updated_at" datetime, "display_name" varchar(255), "family_name" varchar(255), "given_name" varchar(255), "role" varchar(255), "publish_on" datetime) [0m
  [1m[35mSQL (0.0ms)[0m  PRAGMA index_list("users")
  [1m[36mSQL (1.1ms)[0m  [1mCREATE UNIQUE INDEX "index_users_on_email" ON "users" ("email")[0m
  [1m[35mSQL (0.1ms)[0m  PRAGMA index_list("users")
  [1m[36mSQL (0.1ms)[0m  [1mPRAGMA index_info('index_users_on_email')[0m
  [1m[35mSQL (1.2ms)[0m  CREATE UNIQUE INDEX "index_users_on_reset_password_token" ON "users" ("reset_password_token")
  [1m[36mSQL (0.2ms)[0m  [1m SELECT name
 FROM sqlite_master
 WHERE type = 'table' AND NOT name = 'sqlite_sequence'
[0m
  [1m[35mSQL (2.2ms)[0m  CREATE TABLE "schema_migrations" ("version" varchar(255) NOT NULL) 
  [1m[36mSQL (0.0ms)[0m  [1mPRAGMA index_list("schema_migrations")[0m
  [1m[35mSQL (1.1ms)[0m  CREATE UNIQUE INDEX "unique_schema_migrations" ON "schema_migrations" ("version")
  [1m[36mSQL (0.2ms)[0m  [1m SELECT name
 FROM sqlite_master
 WHERE type = 'table' AND NOT name = 'sqlite_sequence'
[0m
  [1m[35mSQL (0.1ms)[0m  SELECT version FROM "schema_migrations"
  [1m[36mSQL (1.2ms)[0m  [1mINSERT INTO "schema_migrations" (version) VALUES ('20110406232858')[0m
  [1m[35mSQL (1.1ms)[0m  INSERT INTO "schema_migrations" (version) VALUES ('20110216051600')
  [1m[36mSQL (1.0ms)[0m  [1mINSERT INTO "schema_migrations" (version) VALUES ('20110219175458')[0m
  [1m[35mSQL (0.9ms)[0m  INSERT INTO "schema_migrations" (version) VALUES ('20110219175527')
  [1m[36mSQL (0.9ms)[0m  [1mINSERT INTO "schema_migrations" (version) VALUES ('20110219180607')[0m
  [1m[35mSQL (1.0ms)[0m  INSERT INTO "schema_migrations" (version) VALUES ('20110219190954')
  [1m[36mSQL (2.1ms)[0m  [1mINSERT INTO "schema_migrations" (version) VALUES ('20110221182109')[0m
  [1m[35mSQL (1.2ms)[0m  INSERT INTO "schema_migrations" (version) VALUES ('20110221183036')
  [1m[36mSQL (1.0ms)[0m  [1mINSERT INTO "schema_migrations" (version) VALUES ('20110222230012')[0m
  [1m[35mSQL (1.0ms)[0m  INSERT INTO "schema_migrations" (version) VALUES ('20110223060425')
  [1m[36mSQL (1.0ms)[0m  [1mINSERT INTO "schema_migrations" (version) VALUES ('20110225072946')[0m
  [1m[35mSQL (1.0ms)[0m  INSERT INTO "schema_migrations" (version) VALUES ('20110306221221')
  [1m[36mSQL (0.9ms)[0m  [1mINSERT INTO "schema_migrations" (version) VALUES ('20110306221248')[0m
  [1m[35mSQL (0.9ms)[0m  INSERT INTO "schema_migrations" (version) VALUES ('20110307005653')
  [1m[36mSQL (0.9ms)[0m  [1mINSERT INTO "schema_migrations" (version) VALUES ('20110310063315')[0m
DEPRECATION WARNING: config.action_view.debug_rjs will be removed in 3.1, from 3.1 onwards you will need to install prototype-rails to continue to use RJS templates . (called from <top (required)> at /Users/jasontruesdell/code/yuzuten_blogengine/config/environment.rb:5)
  [1m[36mSQL (0.2ms)[0m  [1m SELECT name
 FROM sqlite_master
 WHERE type = 'table' AND NOT name = 'sqlite_sequence'
[0m
  [1m[35mSQL (0.1ms)[0m   SELECT name
 FROM sqlite_master
 WHERE type = 'table' AND NOT name = 'sqlite_sequence'
  [1m[36mSQL (0.2ms)[0m  [1mSELECT "schema_migrations"."version" FROM "schema_migrations"[0m
  [1m[35mSQL (0.2ms)[0m  select sqlite_version(*)
  [1m[36mSQL (0.1ms)[0m  [1m SELECT name
 FROM sqlite_master
 WHERE type = 'table' AND NOT name = 'sqlite_sequence'
[0m
  [1m[35mSQL (2.6ms)[0m  CREATE TABLE "blogs" ("id" INTEGER PRIMARY KEY AUTOINCREMENT NOT NULL, "name" varchar(255), "slug" varchar(255), "domain" varchar(255), "description" text, "created_at" datetime, "updated_at" datetime, "subdomain" varchar(255)) 
  [1m[36mSQL (0.1ms)[0m  [1m SELECT name
 FROM sqlite_master
 WHERE type = 'table' AND NOT name = 'sqlite_sequence'
[0m
  [1m[35mSQL (1.2ms)[0m  CREATE TABLE "blogs_users" ("blog_id" integer, "user_id" integer) 
  [1m[36mSQL (0.0ms)[0m  [1mPRAGMA index_list("blogs_users")[0m
  [1m[35mSQL (1.4ms)[0m  CREATE INDEX "index_blogs_users_on_blog_id" ON "blogs_users" ("blog_id")
  [1m[36mSQL (0.1ms)[0m  [1m SELECT name
 FROM sqlite_master
 WHERE type = 'table' AND NOT name = 'sqlite_sequence'
[0m
  [1m[35mSQL (1.3ms)[0m  CREATE TABLE "post_images" ("id" INTEGER PRIMARY KEY AUTOINCREMENT NOT NULL, "caption" varchar(255), "post_id" integer, "created_at" datetime, "updated_at" datetime, "photo_file_name" varchar(255), "photo_content_type" varchar(255), "photo_file_size" integer, "photo_updated_at" datetime) 
  [1m[36mSQL (0.1ms)[0m  [1m SELECT name
 FROM sqlite_master
 WHERE type = 'table' AND NOT name = 'sqlite_sequence'
[0m
  [1m[35mSQL (1.1ms)[0m  CREATE TABLE "posts" ("id" INTEGER PRIMARY KEY AUTOINCREMENT NOT NULL, "title" varchar(255), "story" text, "publish_on" date, "created_at" datetime, "updated_at" datetime, "created_by_id" integer, "updated_by_id" integer, "blog_id" integer) 
  [1m[36mSQL (0.2ms)[0m  [1m SELECT name
 FROM sqlite_master
 WHERE type = 'table' AND NOT name = 'sqlite_sequence'
[0m
  [1m[35mSQL (1.2ms)[0m  CREATE TABLE "taggings" ("id" INTEGER PRIMARY KEY AUTOINCREMENT NOT NULL, "tag_id" integer, "taggable_id" integer, "taggable_type" varchar(255), "tagger_id" integer, "tagger_type" varchar(255), "context" varchar(255), "created_at" datetime) 
  [1m[36mSQL (0.0ms)[0m  [1mPRAGMA index_list("taggings")[0m
  [1m[35mSQL (1.0ms)[0m  CREATE INDEX "index_taggings_on_tag_id" ON "taggings" ("tag_id")
  [1m[36mSQL (0.1ms)[0m  [1mPRAGMA index_list("taggings")[0m
  [1m[35mSQL (0.1ms)[0m  PRAGMA index_info('index_taggings_on_tag_id')
  [1m[36mSQL (1.3ms)[0m  [1mCREATE INDEX "index_taggings_on_taggable_id_and_taggable_type_and_context" ON "taggings" ("taggable_id", "taggable_type", "context")[0m
  [1m[35mSQL (0.1ms)[0m   SELECT name
 FROM sqlite_master
 WHERE type = 'table' AND NOT name = 'sqlite_sequence'
  [1m[36mSQL (1.3ms)[0m  [1mCREATE TABLE "tags" ("id" INTEGER PRIMARY KEY AUTOINCREMENT NOT NULL, "name" varchar(255)) [0m
  [1m[35mSQL (0.1ms)[0m   SELECT name
 FROM sqlite_master
 WHERE type = 'table' AND NOT name = 'sqlite_sequence'
  [1m[36mSQL (2.1ms)[0m  [1mCREATE TABLE "users" ("id" INTEGER PRIMARY KEY AUTOINCREMENT NOT NULL, "email" varchar(255) DEFAULT '' NOT NULL, "encrypted_password" varchar(128) DEFAULT '' NOT NULL, "reset_password_token" varchar(255), "remember_token" varchar(255), "remember_created_at" datetime, "sign_in_count" integer DEFAULT 0, "current_sign_in_at" datetime, "last_sign_in_at" datetime, "current_sign_in_ip" varchar(255), "last_sign_in_ip" varchar(255), "created_at" datetime, "updated_at" datetime, "display_name" varchar(255), "family_name" varchar(255), "given_name" varchar(255), "role" varchar(255), "publish_on" datetime) [0m
  [1m[35mSQL (0.0ms)[0m  PRAGMA index_list("users")
  [1m[36mSQL (1.0ms)[0m  [1mCREATE UNIQUE INDEX "index_users_on_email" ON "users" ("email")[0m
  [1m[35mSQL (0.1ms)[0m  PRAGMA index_list("users")
  [1m[36mSQL (0.0ms)[0m  [1mPRAGMA index_info('index_users_on_email')[0m
  [1m[35mSQL (1.3ms)[0m  CREATE UNIQUE INDEX "index_users_on_reset_password_token" ON "users" ("reset_password_token")
  [1m[36mSQL (0.2ms)[0m  [1m SELECT name
 FROM sqlite_master
 WHERE type = 'table' AND NOT name = 'sqlite_sequence'
[0m
  [1m[35mSQL (1.0ms)[0m  CREATE TABLE "schema_migrations" ("version" varchar(255) NOT NULL) 
  [1m[36mSQL (0.0ms)[0m  [1mPRAGMA index_list("schema_migrations")[0m
  [1m[35mSQL (1.3ms)[0m  CREATE UNIQUE INDEX "unique_schema_migrations" ON "schema_migrations" ("version")
  [1m[36mSQL (0.2ms)[0m  [1m SELECT name
 FROM sqlite_master
 WHERE type = 'table' AND NOT name = 'sqlite_sequence'
[0m
  [1m[35mSQL (0.1ms)[0m  SELECT version FROM "schema_migrations"
  [1m[36mSQL (1.0ms)[0m  [1mINSERT INTO "schema_migrations" (version) VALUES ('20110406232858')[0m
  [1m[35mSQL (1.7ms)[0m  INSERT INTO "schema_migrations" (version) VALUES ('20110216051600')
  [1m[36mSQL (1.0ms)[0m  [1mINSERT INTO "schema_migrations" (version) VALUES ('20110219175458')[0m
  [1m[35mSQL (1.0ms)[0m  INSERT INTO "schema_migrations" (version) VALUES ('20110219175527')
  [1m[36mSQL (0.9ms)[0m  [1mINSERT INTO "schema_migrations" (version) VALUES ('20110219180607')[0m
  [1m[35mSQL (0.9ms)[0m  INSERT INTO "schema_migrations" (version) VALUES ('20110219190954')
  [1m[36mSQL (0.9ms)[0m  [1mINSERT INTO "schema_migrations" (version) VALUES ('20110221182109')[0m
  [1m[35mSQL (0.9ms)[0m  INSERT INTO "schema_migrations" (version) VALUES ('20110221183036')
  [1m[36mSQL (0.9ms)[0m  [1mINSERT INTO "schema_migrations" (version) VALUES ('20110222230012')[0m
  [1m[35mSQL (0.9ms)[0m  INSERT INTO "schema_migrations" (version) VALUES ('20110223060425')
  [1m[36mSQL (0.8ms)[0m  [1mINSERT INTO "schema_migrations" (version) VALUES ('20110225072946')[0m
  [1m[35mSQL (1.0ms)[0m  INSERT INTO "schema_migrations" (version) VALUES ('20110306221221')
  [1m[36mSQL (1.3ms)[0m  [1mINSERT INTO "schema_migrations" (version) VALUES ('20110306221248')[0m
  [1m[35mSQL (0.9ms)[0m  INSERT INTO "schema_migrations" (version) VALUES ('20110307005653')
  [1m[36mSQL (0.9ms)[0m  [1mINSERT INTO "schema_migrations" (version) VALUES ('20110310063315')[0m
DEPRECATION WARNING: config.action_view.debug_rjs will be removed in 3.1, from 3.1 onwards you will need to install prototype-rails to continue to use RJS templates . (called from <top (required)> at /Users/jasontruesdell/code/yuzuten_blogengine/config/environment.rb:5)
  [1m[36mSQL (0.3ms)[0m  [1m SELECT name
 FROM sqlite_master
 WHERE type = 'table' AND NOT name = 'sqlite_sequence'
[0m
  [1m[35mSQL (0.1ms)[0m   SELECT name
 FROM sqlite_master
 WHERE type = 'table' AND NOT name = 'sqlite_sequence'
  [1m[36mSQL (0.2ms)[0m  [1mSELECT "schema_migrations"."version" FROM "schema_migrations"[0m
  [1m[35mSQL (0.4ms)[0m  select sqlite_version(*)
  [1m[36mSQL (0.1ms)[0m  [1m SELECT name
 FROM sqlite_master
 WHERE type = 'table' AND NOT name = 'sqlite_sequence'
[0m
  [1m[35mSQL (1.9ms)[0m  CREATE TABLE "blogs" ("id" INTEGER PRIMARY KEY AUTOINCREMENT NOT NULL, "name" varchar(255), "slug" varchar(255), "domain" varchar(255), "description" text, "created_at" datetime, "updated_at" datetime, "subdomain" varchar(255)) 
  [1m[36mSQL (0.2ms)[0m  [1m SELECT name
 FROM sqlite_master
 WHERE type = 'table' AND NOT name = 'sqlite_sequence'
[0m
  [1m[35mSQL (1.2ms)[0m  CREATE TABLE "blogs_users" ("blog_id" integer, "user_id" integer) 
  [1m[36mSQL (0.1ms)[0m  [1mPRAGMA index_list("blogs_users")[0m
  [1m[35mSQL (1.2ms)[0m  CREATE INDEX "index_blogs_users_on_blog_id" ON "blogs_users" ("blog_id")
  [1m[36mSQL (0.2ms)[0m  [1m SELECT name
 FROM sqlite_master
 WHERE type = 'table' AND NOT name = 'sqlite_sequence'
[0m
  [1m[35mSQL (1.0ms)[0m  CREATE TABLE "post_images" ("id" INTEGER PRIMARY KEY AUTOINCREMENT NOT NULL, "caption" varchar(255), "post_id" integer, "created_at" datetime, "updated_at" datetime, "photo_file_name" varchar(255), "photo_content_type" varchar(255), "photo_file_size" integer, "photo_updated_at" datetime) 
  [1m[36mSQL (0.2ms)[0m  [1m SELECT name
 FROM sqlite_master
 WHERE type = 'table' AND NOT name = 'sqlite_sequence'
[0m
  [1m[35mSQL (2.0ms)[0m  CREATE TABLE "posts" ("id" INTEGER PRIMARY KEY AUTOINCREMENT NOT NULL, "title" varchar(255), "story" text, "publish_on" date, "created_at" datetime, "updated_at" datetime, "created_by_id" integer, "updated_by_id" integer, "blog_id" integer) 
  [1m[36mSQL (0.1ms)[0m  [1m SELECT name
 FROM sqlite_master
 WHERE type = 'table' AND NOT name = 'sqlite_sequence'
[0m
  [1m[35mSQL (1.2ms)[0m  CREATE TABLE "taggings" ("id" INTEGER PRIMARY KEY AUTOINCREMENT NOT NULL, "tag_id" integer, "taggable_id" integer, "taggable_type" varchar(255), "tagger_id" integer, "tagger_type" varchar(255), "context" varchar(255), "created_at" datetime) 
  [1m[36mSQL (0.0ms)[0m  [1mPRAGMA index_list("taggings")[0m
  [1m[35mSQL (1.2ms)[0m  CREATE INDEX "index_taggings_on_tag_id" ON "taggings" ("tag_id")
  [1m[36mSQL (0.1ms)[0m  [1mPRAGMA index_list("taggings")[0m
  [1m[35mSQL (0.0ms)[0m  PRAGMA index_info('index_taggings_on_tag_id')
  [1m[36mSQL (1.1ms)[0m  [1mCREATE INDEX "index_taggings_on_taggable_id_and_taggable_type_and_context" ON "taggings" ("taggable_id", "taggable_type", "context")[0m
  [1m[35mSQL (0.2ms)[0m   SELECT name
 FROM sqlite_master
 WHERE type = 'table' AND NOT name = 'sqlite_sequence'
  [1m[36mSQL (1.5ms)[0m  [1mCREATE TABLE "tags" ("id" INTEGER PRIMARY KEY AUTOINCREMENT NOT NULL, "name" varchar(255)) [0m
  [1m[35mSQL (0.1ms)[0m   SELECT name
 FROM sqlite_master
 WHERE type = 'table' AND NOT name = 'sqlite_sequence'
  [1m[36mSQL (1.3ms)[0m  [1mCREATE TABLE "users" ("id" INTEGER PRIMARY KEY AUTOINCREMENT NOT NULL, "email" varchar(255) DEFAULT '' NOT NULL, "encrypted_password" varchar(128) DEFAULT '' NOT NULL, "reset_password_token" varchar(255), "remember_token" varchar(255), "remember_created_at" datetime, "sign_in_count" integer DEFAULT 0, "current_sign_in_at" datetime, "last_sign_in_at" datetime, "current_sign_in_ip" varchar(255), "last_sign_in_ip" varchar(255), "created_at" datetime, "updated_at" datetime, "display_name" varchar(255), "family_name" varchar(255), "given_name" varchar(255), "role" varchar(255), "publish_on" datetime) [0m
  [1m[35mSQL (0.0ms)[0m  PRAGMA index_list("users")
  [1m[36mSQL (1.2ms)[0m  [1mCREATE UNIQUE INDEX "index_users_on_email" ON "users" ("email")[0m
  [1m[35mSQL (0.1ms)[0m  PRAGMA index_list("users")
  [1m[36mSQL (0.0ms)[0m  [1mPRAGMA index_info('index_users_on_email')[0m
  [1m[35mSQL (1.9ms)[0m  CREATE UNIQUE INDEX "index_users_on_reset_password_token" ON "users" ("reset_password_token")
  [1m[36mSQL (0.1ms)[0m  [1m SELECT name
 FROM sqlite_master
 WHERE type = 'table' AND NOT name = 'sqlite_sequence'
[0m
  [1m[35mSQL (1.1ms)[0m  CREATE TABLE "schema_migrations" ("version" varchar(255) NOT NULL) 
  [1m[36mSQL (0.0ms)[0m  [1mPRAGMA index_list("schema_migrations")[0m
  [1m[35mSQL (1.3ms)[0m  CREATE UNIQUE INDEX "unique_schema_migrations" ON "schema_migrations" ("version")
  [1m[36mSQL (0.2ms)[0m  [1m SELECT name
 FROM sqlite_master
 WHERE type = 'table' AND NOT name = 'sqlite_sequence'
[0m
  [1m[35mSQL (0.1ms)[0m  SELECT version FROM "schema_migrations"
  [1m[36mSQL (1.1ms)[0m  [1mINSERT INTO "schema_migrations" (version) VALUES ('20110406232858')[0m
  [1m[35mSQL (1.0ms)[0m  INSERT INTO "schema_migrations" (version) VALUES ('20110216051600')
  [1m[36mSQL (1.0ms)[0m  [1mINSERT INTO "schema_migrations" (version) VALUES ('20110219175458')[0m
  [1m[35mSQL (1.0ms)[0m  INSERT INTO "schema_migrations" (version) VALUES ('20110219175527')
  [1m[36mSQL (0.9ms)[0m  [1mINSERT INTO "schema_migrations" (version) VALUES ('20110219180607')[0m
  [1m[35mSQL (1.0ms)[0m  INSERT INTO "schema_migrations" (version) VALUES ('20110219190954')
  [1m[36mSQL (1.5ms)[0m  [1mINSERT INTO "schema_migrations" (version) VALUES ('20110221182109')[0m
  [1m[35mSQL (0.9ms)[0m  INSERT INTO "schema_migrations" (version) VALUES ('20110221183036')
  [1m[36mSQL (0.9ms)[0m  [1mINSERT INTO "schema_migrations" (version) VALUES ('20110222230012')[0m
  [1m[35mSQL (0.9ms)[0m  INSERT INTO "schema_migrations" (version) VALUES ('20110223060425')
  [1m[36mSQL (0.8ms)[0m  [1mINSERT INTO "schema_migrations" (version) VALUES ('20110225072946')[0m
  [1m[35mSQL (1.0ms)[0m  INSERT INTO "schema_migrations" (version) VALUES ('20110306221221')
  [1m[36mSQL (0.9ms)[0m  [1mINSERT INTO "schema_migrations" (version) VALUES ('20110306221248')[0m
  [1m[35mSQL (0.9ms)[0m  INSERT INTO "schema_migrations" (version) VALUES ('20110307005653')
  [1m[36mSQL (0.9ms)[0m  [1mINSERT INTO "schema_migrations" (version) VALUES ('20110310063315')[0m
DEPRECATION WARNING: config.action_view.debug_rjs will be removed in 3.1, from 3.1 onwards you will need to install prototype-rails to continue to use RJS templates . (called from <top (required)> at /Users/jasontruesdell/code/yuzuten_blogengine/config/environment.rb:5)
  [1m[36mSQL (0.2ms)[0m  [1m SELECT name
 FROM sqlite_master
 WHERE type = 'table' AND NOT name = 'sqlite_sequence'
[0m
  [1m[35mSQL (0.2ms)[0m   SELECT name
 FROM sqlite_master
 WHERE type = 'table' AND NOT name = 'sqlite_sequence'
  [1m[36mSQL (0.2ms)[0m  [1mSELECT "schema_migrations"."version" FROM "schema_migrations"[0m
  [1m[35mSQL (0.2ms)[0m  select sqlite_version(*)
  [1m[36mSQL (0.1ms)[0m  [1m SELECT name
 FROM sqlite_master
 WHERE type = 'table' AND NOT name = 'sqlite_sequence'
[0m
  [1m[35mSQL (2.5ms)[0m  CREATE TABLE "blogs" ("id" INTEGER PRIMARY KEY AUTOINCREMENT NOT NULL, "name" varchar(255), "slug" varchar(255), "domain" varchar(255), "description" text, "created_at" datetime, "updated_at" datetime, "subdomain" varchar(255)) 
  [1m[36mSQL (0.1ms)[0m  [1m SELECT name
 FROM sqlite_master
 WHERE type = 'table' AND NOT name = 'sqlite_sequence'
[0m
  [1m[35mSQL (1.2ms)[0m  CREATE TABLE "blogs_users" ("blog_id" integer, "user_id" integer) 
  [1m[36mSQL (0.0ms)[0m  [1mPRAGMA index_list("blogs_users")[0m
  [1m[35mSQL (1.2ms)[0m  CREATE INDEX "index_blogs_users_on_blog_id" ON "blogs_users" ("blog_id")
  [1m[36mSQL (0.1ms)[0m  [1m SELECT name
 FROM sqlite_master
 WHERE type = 'table' AND NOT name = 'sqlite_sequence'
[0m
  [1m[35mSQL (1.1ms)[0m  CREATE TABLE "post_images" ("id" INTEGER PRIMARY KEY AUTOINCREMENT NOT NULL, "caption" varchar(255), "post_id" integer, "created_at" datetime, "updated_at" datetime, "photo_file_name" varchar(255), "photo_content_type" varchar(255), "photo_file_size" integer, "photo_updated_at" datetime) 
  [1m[36mSQL (0.2ms)[0m  [1m SELECT name
 FROM sqlite_master
 WHERE type = 'table' AND NOT name = 'sqlite_sequence'
[0m
  [1m[35mSQL (2.1ms)[0m  CREATE TABLE "posts" ("id" INTEGER PRIMARY KEY AUTOINCREMENT NOT NULL, "title" varchar(255), "story" text, "publish_on" date, "created_at" datetime, "updated_at" datetime, "created_by_id" integer, "updated_by_id" integer, "blog_id" integer) 
  [1m[36mSQL (0.1ms)[0m  [1m SELECT name
 FROM sqlite_master
 WHERE type = 'table' AND NOT name = 'sqlite_sequence'
[0m
  [1m[35mSQL (1.1ms)[0m  CREATE TABLE "taggings" ("id" INTEGER PRIMARY KEY AUTOINCREMENT NOT NULL, "tag_id" integer, "taggable_id" integer, "taggable_type" varchar(255), "tagger_id" integer, "tagger_type" varchar(255), "context" varchar(255), "created_at" datetime) 
  [1m[36mSQL (0.0ms)[0m  [1mPRAGMA index_list("taggings")[0m
  [1m[35mSQL (1.0ms)[0m  CREATE INDEX "index_taggings_on_tag_id" ON "taggings" ("tag_id")
  [1m[36mSQL (0.1ms)[0m  [1mPRAGMA index_list("taggings")[0m
  [1m[35mSQL (0.0ms)[0m  PRAGMA index_info('index_taggings_on_tag_id')
  [1m[36mSQL (1.8ms)[0m  [1mCREATE INDEX "index_taggings_on_taggable_id_and_taggable_type_and_context" ON "taggings" ("taggable_id", "taggable_type", "context")[0m
  [1m[35mSQL (0.1ms)[0m   SELECT name
 FROM sqlite_master
 WHERE type = 'table' AND NOT name = 'sqlite_sequence'
  [1m[36mSQL (1.5ms)[0m  [1mCREATE TABLE "tags" ("id" INTEGER PRIMARY KEY AUTOINCREMENT NOT NULL, "name" varchar(255)) [0m
  [1m[35mSQL (0.2ms)[0m   SELECT name
 FROM sqlite_master
 WHERE type = 'table' AND NOT name = 'sqlite_sequence'
  [1m[36mSQL (1.5ms)[0m  [1mCREATE TABLE "users" ("id" INTEGER PRIMARY KEY AUTOINCREMENT NOT NULL, "email" varchar(255) DEFAULT '' NOT NULL, "encrypted_password" varchar(128) DEFAULT '' NOT NULL, "reset_password_token" varchar(255), "remember_token" varchar(255), "remember_created_at" datetime, "sign_in_count" integer DEFAULT 0, "current_sign_in_at" datetime, "last_sign_in_at" datetime, "current_sign_in_ip" varchar(255), "last_sign_in_ip" varchar(255), "created_at" datetime, "updated_at" datetime, "display_name" varchar(255), "family_name" varchar(255), "given_name" varchar(255), "role" varchar(255), "publish_on" datetime) [0m
  [1m[35mSQL (0.0ms)[0m  PRAGMA index_list("users")
  [1m[36mSQL (1.0ms)[0m  [1mCREATE UNIQUE INDEX "index_users_on_email" ON "users" ("email")[0m
  [1m[35mSQL (0.1ms)[0m  PRAGMA index_list("users")
  [1m[36mSQL (0.0ms)[0m  [1mPRAGMA index_info('index_users_on_email')[0m
  [1m[35mSQL (1.1ms)[0m  CREATE UNIQUE INDEX "index_users_on_reset_password_token" ON "users" ("reset_password_token")
  [1m[36mSQL (0.1ms)[0m  [1m SELECT name
 FROM sqlite_master
 WHERE type = 'table' AND NOT name = 'sqlite_sequence'
[0m
  [1m[35mSQL (1.3ms)[0m  CREATE TABLE "schema_migrations" ("version" varchar(255) NOT NULL) 
  [1m[36mSQL (0.0ms)[0m  [1mPRAGMA index_list("schema_migrations")[0m
  [1m[35mSQL (1.1ms)[0m  CREATE UNIQUE INDEX "unique_schema_migrations" ON "schema_migrations" ("version")
  [1m[36mSQL (0.2ms)[0m  [1m SELECT name
 FROM sqlite_master
 WHERE type = 'table' AND NOT name = 'sqlite_sequence'
[0m
  [1m[35mSQL (0.1ms)[0m  SELECT version FROM "schema_migrations"
  [1m[36mSQL (1.0ms)[0m  [1mINSERT INTO "schema_migrations" (version) VALUES ('20110406232858')[0m
  [1m[35mSQL (0.9ms)[0m  INSERT INTO "schema_migrations" (version) VALUES ('20110216051600')
  [1m[36mSQL (2.0ms)[0m  [1mINSERT INTO "schema_migrations" (version) VALUES ('20110219175458')[0m
  [1m[35mSQL (1.2ms)[0m  INSERT INTO "schema_migrations" (version) VALUES ('20110219175527')
  [1m[36mSQL (1.0ms)[0m  [1mINSERT INTO "schema_migrations" (version) VALUES ('20110219180607')[0m
  [1m[35mSQL (1.2ms)[0m  INSERT INTO "schema_migrations" (version) VALUES ('20110219190954')
  [1m[36mSQL (1.3ms)[0m  [1mINSERT INTO "schema_migrations" (version) VALUES ('20110221182109')[0m
  [1m[35mSQL (1.1ms)[0m  INSERT INTO "schema_migrations" (version) VALUES ('20110221183036')
  [1m[36mSQL (1.0ms)[0m  [1mINSERT INTO "schema_migrations" (version) VALUES ('20110222230012')[0m
  [1m[35mSQL (1.1ms)[0m  INSERT INTO "schema_migrations" (version) VALUES ('20110223060425')
  [1m[36mSQL (1.7ms)[0m  [1mINSERT INTO "schema_migrations" (version) VALUES ('20110225072946')[0m
  [1m[35mSQL (1.1ms)[0m  INSERT INTO "schema_migrations" (version) VALUES ('20110306221221')
  [1m[36mSQL (1.2ms)[0m  [1mINSERT INTO "schema_migrations" (version) VALUES ('20110306221248')[0m
  [1m[35mSQL (1.2ms)[0m  INSERT INTO "schema_migrations" (version) VALUES ('20110307005653')
  [1m[36mSQL (1.2ms)[0m  [1mINSERT INTO "schema_migrations" (version) VALUES ('20110310063315')[0m
DEPRECATION WARNING: config.action_view.debug_rjs will be removed in 3.1, from 3.1 onwards you will need to install prototype-rails to continue to use RJS templates . (called from <top (required)> at /Users/jasontruesdell/code/yuzuten_blogengine/config/environment.rb:5)
  [1m[36mSQL (0.2ms)[0m  [1m SELECT name
 FROM sqlite_master
 WHERE type = 'table' AND NOT name = 'sqlite_sequence'
[0m
  [1m[35mSQL (0.2ms)[0m   SELECT name
 FROM sqlite_master
 WHERE type = 'table' AND NOT name = 'sqlite_sequence'
  [1m[36mSQL (0.2ms)[0m  [1mSELECT "schema_migrations"."version" FROM "schema_migrations"[0m
  [1m[35mSQL (0.2ms)[0m  select sqlite_version(*)
  [1m[36mSQL (0.1ms)[0m  [1m SELECT name
 FROM sqlite_master
 WHERE type = 'table' AND NOT name = 'sqlite_sequence'
[0m
  [1m[35mSQL (2.6ms)[0m  CREATE TABLE "blogs" ("id" INTEGER PRIMARY KEY AUTOINCREMENT NOT NULL, "name" varchar(255), "slug" varchar(255), "domain" varchar(255), "description" text, "created_at" datetime, "updated_at" datetime, "subdomain" varchar(255)) 
  [1m[36mSQL (0.1ms)[0m  [1m SELECT name
 FROM sqlite_master
 WHERE type = 'table' AND NOT name = 'sqlite_sequence'
[0m
  [1m[35mSQL (0.9ms)[0m  CREATE TABLE "blogs_users" ("blog_id" integer, "user_id" integer) 
  [1m[36mSQL (0.0ms)[0m  [1mPRAGMA index_list("blogs_users")[0m
  [1m[35mSQL (1.0ms)[0m  CREATE INDEX "index_blogs_users_on_blog_id" ON "blogs_users" ("blog_id")
  [1m[36mSQL (0.1ms)[0m  [1m SELECT name
 FROM sqlite_master
 WHERE type = 'table' AND NOT name = 'sqlite_sequence'
[0m
  [1m[35mSQL (1.1ms)[0m  CREATE TABLE "post_images" ("id" INTEGER PRIMARY KEY AUTOINCREMENT NOT NULL, "caption" varchar(255), "post_id" integer, "created_at" datetime, "updated_at" datetime, "photo_file_name" varchar(255), "photo_content_type" varchar(255), "photo_file_size" integer, "photo_updated_at" datetime) 
  [1m[36mSQL (0.2ms)[0m  [1m SELECT name
 FROM sqlite_master
 WHERE type = 'table' AND NOT name = 'sqlite_sequence'
[0m
  [1m[35mSQL (1.9ms)[0m  CREATE TABLE "posts" ("id" INTEGER PRIMARY KEY AUTOINCREMENT NOT NULL, "title" varchar(255), "story" text, "publish_on" date, "created_at" datetime, "updated_at" datetime, "created_by_id" integer, "updated_by_id" integer, "blog_id" integer) 
  [1m[36mSQL (0.1ms)[0m  [1m SELECT name
 FROM sqlite_master
 WHERE type = 'table' AND NOT name = 'sqlite_sequence'
[0m
  [1m[35mSQL (1.0ms)[0m  CREATE TABLE "taggings" ("id" INTEGER PRIMARY KEY AUTOINCREMENT NOT NULL, "tag_id" integer, "taggable_id" integer, "taggable_type" varchar(255), "tagger_id" integer, "tagger_type" varchar(255), "context" varchar(255), "created_at" datetime) 
  [1m[36mSQL (0.0ms)[0m  [1mPRAGMA index_list("taggings")[0m
  [1m[35mSQL (1.2ms)[0m  CREATE INDEX "index_taggings_on_tag_id" ON "taggings" ("tag_id")
  [1m[36mSQL (0.1ms)[0m  [1mPRAGMA index_list("taggings")[0m
  [1m[35mSQL (0.0ms)[0m  PRAGMA index_info('index_taggings_on_tag_id')
  [1m[36mSQL (1.1ms)[0m  [1mCREATE INDEX "index_taggings_on_taggable_id_and_taggable_type_and_context" ON "taggings" ("taggable_id", "taggable_type", "context")[0m
  [1m[35mSQL (0.2ms)[0m   SELECT name
 FROM sqlite_master
 WHERE type = 'table' AND NOT name = 'sqlite_sequence'
  [1m[36mSQL (1.0ms)[0m  [1mCREATE TABLE "tags" ("id" INTEGER PRIMARY KEY AUTOINCREMENT NOT NULL, "name" varchar(255)) [0m
  [1m[35mSQL (0.1ms)[0m   SELECT name
 FROM sqlite_master
 WHERE type = 'table' AND NOT name = 'sqlite_sequence'
  [1m[36mSQL (1.2ms)[0m  [1mCREATE TABLE "users" ("id" INTEGER PRIMARY KEY AUTOINCREMENT NOT NULL, "email" varchar(255) DEFAULT '' NOT NULL, "encrypted_password" varchar(128) DEFAULT '' NOT NULL, "reset_password_token" varchar(255), "remember_token" varchar(255), "remember_created_at" datetime, "sign_in_count" integer DEFAULT 0, "current_sign_in_at" datetime, "last_sign_in_at" datetime, "current_sign_in_ip" varchar(255), "last_sign_in_ip" varchar(255), "created_at" datetime, "updated_at" datetime, "display_name" varchar(255), "family_name" varchar(255), "given_name" varchar(255), "role" varchar(255), "publish_on" datetime) [0m
  [1m[35mSQL (0.0ms)[0m  PRAGMA index_list("users")
  [1m[36mSQL (1.0ms)[0m  [1mCREATE UNIQUE INDEX "index_users_on_email" ON "users" ("email")[0m
  [1m[35mSQL (0.1ms)[0m  PRAGMA index_list("users")
  [1m[36mSQL (0.0ms)[0m  [1mPRAGMA index_info('index_users_on_email')[0m
  [1m[35mSQL (1.2ms)[0m  CREATE UNIQUE INDEX "index_users_on_reset_password_token" ON "users" ("reset_password_token")
  [1m[36mSQL (0.2ms)[0m  [1m SELECT name
 FROM sqlite_master
 WHERE type = 'table' AND NOT name = 'sqlite_sequence'
[0m
  [1m[35mSQL (1.2ms)[0m  CREATE TABLE "schema_migrations" ("version" varchar(255) NOT NULL) 
  [1m[36mSQL (0.0ms)[0m  [1mPRAGMA index_list("schema_migrations")[0m
  [1m[35mSQL (1.3ms)[0m  CREATE UNIQUE INDEX "unique_schema_migrations" ON "schema_migrations" ("version")
  [1m[36mSQL (0.2ms)[0m  [1m SELECT name
 FROM sqlite_master
 WHERE type = 'table' AND NOT name = 'sqlite_sequence'
[0m
  [1m[35mSQL (0.1ms)[0m  SELECT version FROM "schema_migrations"
  [1m[36mSQL (1.2ms)[0m  [1mINSERT INTO "schema_migrations" (version) VALUES ('20110406232858')[0m
  [1m[35mSQL (1.0ms)[0m  INSERT INTO "schema_migrations" (version) VALUES ('20110216051600')
  [1m[36mSQL (1.0ms)[0m  [1mINSERT INTO "schema_migrations" (version) VALUES ('20110219175458')[0m
  [1m[35mSQL (0.9ms)[0m  INSERT INTO "schema_migrations" (version) VALUES ('20110219175527')
  [1m[36mSQL (0.9ms)[0m  [1mINSERT INTO "schema_migrations" (version) VALUES ('20110219180607')[0m
  [1m[35mSQL (1.0ms)[0m  INSERT INTO "schema_migrations" (version) VALUES ('20110219190954')
  [1m[36mSQL (0.9ms)[0m  [1mINSERT INTO "schema_migrations" (version) VALUES ('20110221182109')[0m
  [1m[35mSQL (0.9ms)[0m  INSERT INTO "schema_migrations" (version) VALUES ('20110221183036')
  [1m[36mSQL (0.9ms)[0m  [1mINSERT INTO "schema_migrations" (version) VALUES ('20110222230012')[0m
  [1m[35mSQL (1.0ms)[0m  INSERT INTO "schema_migrations" (version) VALUES ('20110223060425')
  [1m[36mSQL (1.8ms)[0m  [1mINSERT INTO "schema_migrations" (version) VALUES ('20110225072946')[0m
  [1m[35mSQL (1.0ms)[0m  INSERT INTO "schema_migrations" (version) VALUES ('20110306221221')
  [1m[36mSQL (1.0ms)[0m  [1mINSERT INTO "schema_migrations" (version) VALUES ('20110306221248')[0m
  [1m[35mSQL (1.1ms)[0m  INSERT INTO "schema_migrations" (version) VALUES ('20110307005653')
  [1m[36mSQL (1.0ms)[0m  [1mINSERT INTO "schema_migrations" (version) VALUES ('20110310063315')[0m
